::1 - - [08/Aug/2019:12:16:58 +0530] "GET / HTTP/1.1" 200 41036
::1 - - [08/Aug/2019:12:16:59 +0530] "GET /apachehaus.ico HTTP/1.1" 200 4286
::1 - - [08/Aug/2019:12:17:04 +0530] "GET /assign.php HTTP/1.1" 404 208
::1 - - [08/Aug/2019:12:17:04 +0530] "GET /favicon.ico HTTP/1.1" 404 209
::1 - - [08/Aug/2019:12:17:30 +0530] "GET /assign.php HTTP/1.1" 200 187
::1 - - [08/Aug/2019:12:17:50 +0530] "GET /assign.php HTTP/1.1" 200 145
::1 - - [08/Aug/2019:17:57:58 +0530] "GET / HTTP/1.1" 200 41036
::1 - - [08/Aug/2019:17:58:37 +0530] "GET /assign.php HTTP/1.1" 200 145
::1 - - [08/Aug/2019:18:01:28 +0530] "GET /assign.php HTTP/1.1" 200 142
::1 - - [08/Aug/2019:22:18:24 +0530] "GET / HTTP/1.1" 200 41036
::1 - - [08/Aug/2019:22:18:27 +0530] "GET /assign.php HTTP/1.1" 200 172
::1 - - [08/Aug/2019:22:18:31 +0530] "GET /app HTTP/1.1" 301 229
::1 - - [08/Aug/2019:22:18:31 +0530] "GET /app/ HTTP/1.1" 200 1095
::1 - - [08/Aug/2019:22:18:31 +0530] "GET /icons/back.gif HTTP/1.1" 200 216
::1 - - [08/Aug/2019:22:18:31 +0530] "GET /icons/blank.gif HTTP/1.1" 200 148
::1 - - [08/Aug/2019:22:18:31 +0530] "GET /icons/layout.gif HTTP/1.1" 200 276
::1 - - [08/Aug/2019:22:18:31 +0530] "GET /icons/unknown.gif HTTP/1.1" 200 245
::1 - - [08/Aug/2019:22:18:31 +0530] "GET /favicon.ico HTTP/1.1" 404 209
::1 - - [08/Aug/2019:22:18:35 +0530] "GET /app/New.html HTTP/1.1" 200 298
::1 - - [08/Aug/2019:22:18:49 +0530] "POST /app/connect.php HTTP/1.1" 200 278
::1 - - [09/Aug/2019:10:31:23 +0530] "GET / HTTP/1.1" 200 41036
::1 - - [09/Aug/2019:10:31:32 +0530] "GET /test HTTP/1.1" 301 230
::1 - - [09/Aug/2019:10:31:32 +0530] "GET /test/ HTTP/1.1" 200 978
::1 - - [09/Aug/2019:10:31:32 +0530] "GET /test/style.css HTTP/1.1" 200 117
::1 - - [09/Aug/2019:10:31:33 +0530] "GET /favicon.ico HTTP/1.1" 404 209
::1 - - [09/Aug/2019:10:32:18 +0530] "GET /test/ HTTP/1.1" 200 984
::1 - - [09/Aug/2019:10:32:51 +0530] "GET /test/ HTTP/1.1" 200 996
::1 - - [09/Aug/2019:10:33:22 +0530] "GET /test/ HTTP/1.1" 200 942
::1 - - [09/Aug/2019:10:34:22 +0530] "-" 408 -
::1 - - [09/Aug/2019:10:34:27 +0530] "GET /test/ HTTP/1.1" 200 942
::1 - - [09/Aug/2019:10:34:29 +0530] "GET /test/ HTTP/1.1" 200 942
::1 - - [09/Aug/2019:10:34:30 +0530] "GET /test/ HTTP/1.1" 200 942
::1 - - [09/Aug/2019:10:34:36 +0530] "GET /test/ HTTP/1.1" 200 942
::1 - - [09/Aug/2019:10:34:36 +0530] "GET /test/ HTTP/1.1" 200 942
::1 - - [09/Aug/2019:10:35:24 +0530] "GET /test/ HTTP/1.1" 200 942
::1 - - [09/Aug/2019:10:35:25 +0530] "GET /test/ HTTP/1.1" 200 942
::1 - - [09/Aug/2019:10:36:24 +0530] "-" 408 -
::1 - - [09/Aug/2019:10:43:02 +0530] "GET /test/ HTTP/1.1" 200 1004
::1 - - [09/Aug/2019:10:44:33 +0530] "GET /test/ HTTP/1.1" 200 1004
::1 - - [09/Aug/2019:11:56:05 +0530] "GET /test/ HTTP/1.1" 200 1006
::1 - - [09/Aug/2019:11:57:30 +0530] "GET /test/ HTTP/1.1" 200 1012
::1 - - [09/Aug/2019:12:40:58 +0530] "POST /test/connect.php HTTP/1.1" 200 126
::1 - - [09/Aug/2019:15:36:56 +0530] "GET / HTTP/1.1" 200 41036
::1 - - [09/Aug/2019:15:37:01 +0530] "GET /assign.php HTTP/1.1" 200 5
::1 - - [09/Aug/2019:15:37:44 +0530] "GET /test HTTP/1.1" 301 230
::1 - - [09/Aug/2019:15:37:44 +0530] "GET /test/ HTTP/1.1" 200 990
::1 - - [09/Aug/2019:15:37:44 +0530] "GET /test/style.css HTTP/1.1" 200 139
::1 - - [09/Aug/2019:15:37:52 +0530] "POST /test/connect.php HTTP/1.1" 200 130
::1 - - [09/Aug/2019:15:39:29 +0530] "POST /test/connect.php HTTP/1.1" 200 149
::1 - - [09/Aug/2019:15:39:45 +0530] "POST /test/connect.php HTTP/1.1" 200 26
::1 - - [09/Aug/2019:15:40:30 +0530] "POST /test/connect.php HTTP/1.1" 200 26
::1 - - [09/Aug/2019:15:48:01 +0530] "GET /test/ HTTP/1.1" 200 996
::1 - - [09/Aug/2019:15:48:02 +0530] "GET /test/style/style.css HTTP/1.1" 200 139
::1 - - [09/Aug/2019:16:25:13 +0530] "GET /test/ HTTP/1.1" 200 996
::1 - - [09/Aug/2019:16:25:13 +0530] "GET /test/style/style.css HTTP/1.1" 304 -
::1 - - [09/Aug/2019:16:25:34 +0530] "POST /test/connect.php HTTP/1.1" 200 26
